{"C:\\WebD_files\\ProductAPI\\Day3Task\\app.js": {"path":"C:\\WebD_files\\ProductAPI\\Day3Task\\app.js","statementMap":{"0":{"start":{"line":1,"column":16},"end":{"line":1,"column":34}},"1":{"start":{"line":3,"column":22},"end":{"line":3,"column":55}},"2":{"start":{"line":5,"column":12},"end":{"line":5,"column":21}},"3":{"start":{"line":8,"column":0},"end":{"line":8,"column":24}},"4":{"start":{"line":11,"column":0},"end":{"line":13,"column":3}},"5":{"start":{"line":12,"column":2},"end":{"line":12,"column":42}},"6":{"start":{"line":16,"column":0},"end":{"line":16,"column":31}},"7":{"start":{"line":18,"column":0},"end":{"line":18,"column":21}}},"fnMap":{"0":{"name":"(anonymous_0)","decl":{"start":{"line":11,"column":13},"end":{"line":11,"column":14}},"loc":{"start":{"line":11,"column":27},"end":{"line":13,"column":1}},"line":11}},"branchMap":{},"s":{"0":1,"1":1,"2":1,"3":1,"4":1,"5":0,"6":1,"7":1},"f":{"0":0},"b":{},"_coverageSchema":"1a1c01bbd47fc00a2c39e90264f33305004495a9","hash":"941b3519e8251d3763dd36df9652e013d2f7f0b0"}
,"C:\\WebD_files\\ProductAPI\\Day3Task\\controllers\\product.controller.js": {"path":"C:\\WebD_files\\ProductAPI\\Day3Task\\controllers\\product.controller.js","statementMap":{"0":{"start":{"line":1,"column":16},"end":{"line":1,"column":50}},"1":{"start":{"line":3,"column":20},"end":{"line":10,"column":1}},"2":{"start":{"line":4,"column":2},"end":{"line":9,"column":3}},"3":{"start":{"line":5,"column":21},"end":{"line":5,"column":41}},"4":{"start":{"line":6,"column":4},"end":{"line":6,"column":35}},"5":{"start":{"line":8,"column":4},"end":{"line":8,"column":32}},"6":{"start":{"line":12,"column":19},"end":{"line":19,"column":1}},"7":{"start":{"line":13,"column":2},"end":{"line":18,"column":3}},"8":{"start":{"line":14,"column":20},"end":{"line":14,"column":57}},"9":{"start":{"line":15,"column":4},"end":{"line":15,"column":34}},"10":{"start":{"line":17,"column":4},"end":{"line":17,"column":32}},"11":{"start":{"line":21,"column":22},"end":{"line":28,"column":1}},"12":{"start":{"line":22,"column":2},"end":{"line":27,"column":3}},"13":{"start":{"line":23,"column":20},"end":{"line":23,"column":50}},"14":{"start":{"line":24,"column":4},"end":{"line":24,"column":34}},"15":{"start":{"line":26,"column":4},"end":{"line":26,"column":32}},"16":{"start":{"line":30,"column":22},"end":{"line":39,"column":1}},"17":{"start":{"line":31,"column":2},"end":{"line":38,"column":3}},"18":{"start":{"line":32,"column":20},"end":{"line":34,"column":6}},"19":{"start":{"line":35,"column":4},"end":{"line":35,"column":34}},"20":{"start":{"line":37,"column":4},"end":{"line":37,"column":32}},"21":{"start":{"line":41,"column":22},"end":{"line":48,"column":1}},"22":{"start":{"line":42,"column":2},"end":{"line":47,"column":3}},"23":{"start":{"line":43,"column":20},"end":{"line":43,"column":66}},"24":{"start":{"line":44,"column":4},"end":{"line":44,"column":34}},"25":{"start":{"line":46,"column":4},"end":{"line":46,"column":32}},"26":{"start":{"line":50,"column":0},"end":{"line":56,"column":2}}},"fnMap":{"0":{"name":"(anonymous_0)","decl":{"start":{"line":3,"column":20},"end":{"line":3,"column":21}},"loc":{"start":{"line":3,"column":40},"end":{"line":10,"column":1}},"line":3},"1":{"name":"(anonymous_1)","decl":{"start":{"line":12,"column":19},"end":{"line":12,"column":20}},"loc":{"start":{"line":12,"column":39},"end":{"line":19,"column":1}},"line":12},"2":{"name":"(anonymous_2)","decl":{"start":{"line":21,"column":22},"end":{"line":21,"column":23}},"loc":{"start":{"line":21,"column":42},"end":{"line":28,"column":1}},"line":21},"3":{"name":"(anonymous_3)","decl":{"start":{"line":30,"column":22},"end":{"line":30,"column":23}},"loc":{"start":{"line":30,"column":42},"end":{"line":39,"column":1}},"line":30},"4":{"name":"(anonymous_4)","decl":{"start":{"line":41,"column":22},"end":{"line":41,"column":23}},"loc":{"start":{"line":41,"column":42},"end":{"line":48,"column":1}},"line":41}},"branchMap":{},"s":{"0":2,"1":2,"2":2,"3":2,"4":2,"5":0,"6":2,"7":2,"8":2,"9":2,"10":0,"11":2,"12":2,"13":2,"14":2,"15":0,"16":2,"17":2,"18":2,"19":2,"20":0,"21":2,"22":2,"23":2,"24":2,"25":0,"26":2},"f":{"0":2,"1":2,"2":2,"3":2,"4":2},"b":{},"_coverageSchema":"1a1c01bbd47fc00a2c39e90264f33305004495a9","hash":"ac661f8611ca0d465ccdd7cbd658afd0b6bff884"}
,"C:\\WebD_files\\ProductAPI\\Day3Task\\models\\product.model.js": {"path":"C:\\WebD_files\\ProductAPI\\Day3Task\\models\\product.model.js","statementMap":{"0":{"start":{"line":1,"column":17},"end":{"line":1,"column":36}},"1":{"start":{"line":3,"column":15},"end":{"line":3,"column":30}},"2":{"start":{"line":6,"column":22},"end":{"line":22,"column":1}},"3":{"start":{"line":24,"column":0},"end":{"line":24,"column":58}}},"fnMap":{},"branchMap":{},"s":{"0":2,"1":2,"2":2,"3":2},"f":{},"b":{},"_coverageSchema":"1a1c01bbd47fc00a2c39e90264f33305004495a9","hash":"95d92408137334addbc1b81b35768f7daf60644a"}
,"C:\\WebD_files\\ProductAPI\\Day3Task\\routes\\product.route.js": {"path":"C:\\WebD_files\\ProductAPI\\Day3Task\\routes\\product.route.js","statementMap":{"0":{"start":{"line":1,"column":16},"end":{"line":1,"column":34}},"1":{"start":{"line":9,"column":4},"end":{"line":9,"column":48}},"2":{"start":{"line":11,"column":15},"end":{"line":11,"column":31}},"3":{"start":{"line":14,"column":0},"end":{"line":14,"column":37}},"4":{"start":{"line":16,"column":0},"end":{"line":16,"column":40}},"5":{"start":{"line":18,"column":0},"end":{"line":18,"column":40}},"6":{"start":{"line":20,"column":0},"end":{"line":20,"column":45}},"7":{"start":{"line":22,"column":0},"end":{"line":22,"column":46}},"8":{"start":{"line":24,"column":0},"end":{"line":24,"column":24}}},"fnMap":{},"branchMap":{},"s":{"0":1,"1":1,"2":1,"3":1,"4":1,"5":1,"6":1,"7":1,"8":1},"f":{},"b":{},"_coverageSchema":"1a1c01bbd47fc00a2c39e90264f33305004495a9","hash":"c1ed10360b82e3ab39240ade8d5f7adcfb41633e"}
}
